<?xml version="1.0" encoding="UTF-8"?>
<!-- Generated by org.testng.reporters.JUnitReportReporter -->
<testsuite hostname="DESKTOP-2S7HFKC" failures="0" tests="3" name="com.devops.cse.UserValidationTest" time="0.014" errors="0" timestamp="2023-11-07T13:59:56 IST" skipped="0">
  <testcase classname="com.devops.cse.UserValidationTest" name="UserValidationTest2" time="0.001"/>
  <system-out/>
  <testcase classname="com.devops.cse.UserValidationTest" name="UserValidationTest3" time="0.000"/>
  <system-out/>
  <testcase classname="com.devops.cse.UserValidationTest" name="UserValidationTest1" time="0.013"/>
  <system-out/>
</testsuite> <!-- com.devops.cse.UserValidationTest -->
